\BOOKMARK [0][-]{chapter.1}{\376\377\0001\000\040\004\030\004\065\004\100\004\060\004\100\004\105\004\070\004\107\004\065\004\101\004\072\004\070\004\071\000\040\004\101\004\077\004\070\004\101\004\076\004\072\000\040\004\072\004\073\004\060\004\101\004\101\004\076\004\062}{}% 1
\BOOKMARK [1][-]{section.1.1}{\376\377\0001\000.\0001\000\040\004\030\004\065\004\100\004\060\004\100\004\105\004\070\004\117\000\040\004\072\004\073\004\060\004\101\004\101\004\076\004\062}{chapter.1}% 2
\BOOKMARK [0][-]{chapter.2}{\376\377\0002\000\040\004\020\004\073\004\104\004\060\004\062\004\070\004\102\004\075\004\113\004\071\000\040\004\103\004\072\004\060\004\067\004\060\004\102\004\065\004\073\004\114\000\040\004\072\004\073\004\060\004\101\004\101\004\076\004\062}{}% 3
\BOOKMARK [1][-]{section.2.1}{\376\377\0002\000.\0001\000\040\004\032\004\073\004\060\004\101\004\101\004\113}{chapter.2}% 4
\BOOKMARK [0][-]{chapter.3}{\376\377\0003\000\040\004\041\004\077\004\070\004\101\004\076\004\072\000\040\004\104\004\060\004\071\004\073\004\076\004\062}{}% 5
\BOOKMARK [1][-]{section.3.1}{\376\377\0003\000.\0001\000\040\004\044\004\060\004\071\004\073\004\113}{chapter.3}% 6
\BOOKMARK [0][-]{chapter.4}{\376\377\0004\000\040\004\032\004\073\004\060\004\101\004\101\004\113}{}% 7
\BOOKMARK [1][-]{section.4.1}{\376\377\0004\000.\0001\000\040\004\032\004\073\004\060\004\101\004\101\000\040\000A\000c\000c\000e\000p\000t\000C\000o\000n\000n\000e\000c\000t\000i\000o\000n\000E\000r\000r\000o\000r}{chapter.4}% 8
\BOOKMARK [1][-]{section.4.2}{\376\377\0004\000.\0002\000\040\004\032\004\073\004\060\004\101\004\101\000\040\000B\000i\000n\000d\000S\000o\000c\000k\000e\000t\000E\000r\000r\000o\000r}{chapter.4}% 9
\BOOKMARK [2][-]{subsection.4.2.1}{\376\377\0004\000.\0002\000.\0001\000\040\004\037\004\076\004\064\004\100\004\076\004\061\004\075\004\076\004\065\000\040\004\076\004\077\004\070\004\101\004\060\004\075\004\070\004\065}{section.4.2}% 10
\BOOKMARK [2][-]{subsection.4.2.2}{\376\377\0004\000.\0002\000.\0002\000\040\004\032\004\076\004\075\004\101\004\102\004\100\004\103\004\072\004\102\004\076\004\100\000\050\004\113\000\051}{section.4.2}% 11
\BOOKMARK [3][-]{subsubsection.4.2.2.1}{\376\377\0004\000.\0002\000.\0002\000.\0001\000\040\000B\000i\000n\000d\000S\000o\000c\000k\000e\000t\000E\000r\000r\000o\000r\000\050\000\051\000\040\000[\0001\000/\0002\000]}{subsection.4.2.2}% 12
\BOOKMARK [3][-]{subsubsection.4.2.2.2}{\376\377\0004\000.\0002\000.\0002\000.\0002\000\040\000B\000i\000n\000d\000S\000o\000c\000k\000e\000t\000E\000r\000r\000o\000r\000\050\000\051\000\040\000[\0002\000/\0002\000]}{subsection.4.2.2}% 13
\BOOKMARK [1][-]{section.4.3}{\376\377\0004\000.\0003\000\040\004\032\004\073\004\060\004\101\004\101\000\040\000C\000r\000e\000a\000t\000e\000S\000o\000c\000k\000e\000t\000E\000r\000r\000o\000r}{chapter.4}% 14
\BOOKMARK [2][-]{subsection.4.3.1}{\376\377\0004\000.\0003\000.\0001\000\040\004\037\004\076\004\064\004\100\004\076\004\061\004\075\004\076\004\065\000\040\004\076\004\077\004\070\004\101\004\060\004\075\004\070\004\065}{section.4.3}% 15
\BOOKMARK [2][-]{subsection.4.3.2}{\376\377\0004\000.\0003\000.\0002\000\040\004\032\004\076\004\075\004\101\004\102\004\100\004\103\004\072\004\102\004\076\004\100\000\050\004\113\000\051}{section.4.3}% 16
\BOOKMARK [3][-]{subsubsection.4.3.2.1}{\376\377\0004\000.\0003\000.\0002\000.\0001\000\040\000C\000r\000e\000a\000t\000e\000S\000o\000c\000k\000e\000t\000E\000r\000r\000o\000r\000\050\000\051\000\040\000[\0001\000/\0002\000]}{subsection.4.3.2}% 17
\BOOKMARK [3][-]{subsubsection.4.3.2.2}{\376\377\0004\000.\0003\000.\0002\000.\0002\000\040\000C\000r\000e\000a\000t\000e\000S\000o\000c\000k\000e\000t\000E\000r\000r\000o\000r\000\050\000\051\000\040\000[\0002\000/\0002\000]}{subsection.4.3.2}% 18
\BOOKMARK [1][-]{section.4.4}{\376\377\0004\000.\0004\000\040\004\032\004\073\004\060\004\101\004\101\000\040\000I\000n\000v\000a\000l\000i\000d\000A\000r\000g\000u\000m\000e\000n\000t\000E\000r\000r\000o\000r}{chapter.4}% 19
\BOOKMARK [2][-]{subsection.4.4.1}{\376\377\0004\000.\0004\000.\0001\000\040\004\037\004\076\004\064\004\100\004\076\004\061\004\075\004\076\004\065\000\040\004\076\004\077\004\070\004\101\004\060\004\075\004\070\004\065}{section.4.4}% 20
\BOOKMARK [2][-]{subsection.4.4.2}{\376\377\0004\000.\0004\000.\0002\000\040\004\032\004\076\004\075\004\101\004\102\004\100\004\103\004\072\004\102\004\076\004\100\000\050\004\113\000\051}{section.4.4}% 21
\BOOKMARK [3][-]{subsubsection.4.4.2.1}{\376\377\0004\000.\0004\000.\0002\000.\0001\000\040\000I\000n\000v\000a\000l\000i\000d\000A\000r\000g\000u\000m\000e\000n\000t\000E\000r\000r\000o\000r\000\050\000\051\000\040\000[\0001\000/\0002\000]}{subsection.4.4.2}% 22
\BOOKMARK [3][-]{subsubsection.4.4.2.2}{\376\377\0004\000.\0004\000.\0002\000.\0002\000\040\000I\000n\000v\000a\000l\000i\000d\000A\000r\000g\000u\000m\000e\000n\000t\000E\000r\000r\000o\000r\000\050\000\051\000\040\000[\0002\000/\0002\000]}{subsection.4.4.2}% 23
\BOOKMARK [1][-]{section.4.5}{\376\377\0004\000.\0005\000\040\004\032\004\073\004\060\004\101\004\101\000\040\000I\000n\000v\000a\000l\000i\000d\000A\000u\000t\000h\000D\000a\000t\000a\000F\000o\000r\000m\000a\000t\000E\000r\000r\000o\000r}{chapter.4}% 24
\BOOKMARK [2][-]{subsection.4.5.1}{\376\377\0004\000.\0005\000.\0001\000\040\004\037\004\076\004\064\004\100\004\076\004\061\004\075\004\076\004\065\000\040\004\076\004\077\004\070\004\101\004\060\004\075\004\070\004\065}{section.4.5}% 25
\BOOKMARK [2][-]{subsection.4.5.2}{\376\377\0004\000.\0005\000.\0002\000\040\004\032\004\076\004\075\004\101\004\102\004\100\004\103\004\072\004\102\004\076\004\100\000\050\004\113\000\051}{section.4.5}% 26
\BOOKMARK [3][-]{subsubsection.4.5.2.1}{\376\377\0004\000.\0005\000.\0002\000.\0001\000\040\000I\000n\000v\000a\000l\000i\000d\000A\000u\000t\000h\000D\000a\000t\000a\000F\000o\000r\000m\000a\000t\000E\000r\000r\000o\000r\000\050\000\051\000\040\000[\0001\000/\0002\000]}{subsection.4.5.2}% 27
\BOOKMARK [3][-]{subsubsection.4.5.2.2}{\376\377\0004\000.\0005\000.\0002\000.\0002\000\040\000I\000n\000v\000a\000l\000i\000d\000A\000u\000t\000h\000D\000a\000t\000a\000F\000o\000r\000m\000a\000t\000E\000r\000r\000o\000r\000\050\000\051\000\040\000[\0002\000/\0002\000]}{subsection.4.5.2}% 28
\BOOKMARK [1][-]{section.4.6}{\376\377\0004\000.\0006\000\040\004\032\004\073\004\060\004\101\004\101\000\040\000I\000n\000v\000a\000l\000i\000d\000L\000i\000n\000e\000F\000o\000r\000m\000a\000t}{chapter.4}% 29
\BOOKMARK [2][-]{subsection.4.6.1}{\376\377\0004\000.\0006\000.\0001\000\040\004\037\004\076\004\064\004\100\004\076\004\061\004\075\004\076\004\065\000\040\004\076\004\077\004\070\004\101\004\060\004\075\004\070\004\065}{section.4.6}% 30
\BOOKMARK [2][-]{subsection.4.6.2}{\376\377\0004\000.\0006\000.\0002\000\040\004\032\004\076\004\075\004\101\004\102\004\100\004\103\004\072\004\102\004\076\004\100\000\050\004\113\000\051}{section.4.6}% 31
\BOOKMARK [3][-]{subsubsection.4.6.2.1}{\376\377\0004\000.\0006\000.\0002\000.\0001\000\040\000I\000n\000v\000a\000l\000i\000d\000L\000i\000n\000e\000F\000o\000r\000m\000a\000t\000\050\000\051\000\040\000[\0001\000/\0002\000]}{subsection.4.6.2}% 32
\BOOKMARK [3][-]{subsubsection.4.6.2.2}{\376\377\0004\000.\0006\000.\0002\000.\0002\000\040\000I\000n\000v\000a\000l\000i\000d\000L\000i\000n\000e\000F\000o\000r\000m\000a\000t\000\050\000\051\000\040\000[\0002\000/\0002\000]}{subsection.4.6.2}% 33
\BOOKMARK [1][-]{section.4.7}{\376\377\0004\000.\0007\000\040\004\032\004\073\004\060\004\101\004\101\000\040\000I\000n\000v\000a\000l\000i\000d\000L\000o\000g\000i\000n\000O\000r\000P\000a\000s\000s\000w\000o\000r\000d\000E\000r\000r\000o\000r}{chapter.4}% 34
\BOOKMARK [2][-]{subsection.4.7.1}{\376\377\0004\000.\0007\000.\0001\000\040\004\037\004\076\004\064\004\100\004\076\004\061\004\075\004\076\004\065\000\040\004\076\004\077\004\070\004\101\004\060\004\075\004\070\004\065}{section.4.7}% 35
\BOOKMARK [2][-]{subsection.4.7.2}{\376\377\0004\000.\0007\000.\0002\000\040\004\032\004\076\004\075\004\101\004\102\004\100\004\103\004\072\004\102\004\076\004\100\000\050\004\113\000\051}{section.4.7}% 36
\BOOKMARK [3][-]{subsubsection.4.7.2.1}{\376\377\0004\000.\0007\000.\0002\000.\0001\000\040\000I\000n\000v\000a\000l\000i\000d\000L\000o\000g\000i\000n\000O\000r\000P\000a\000s\000s\000w\000o\000r\000d\000E\000r\000r\000o\000r\000\050\000\051\000\040\000[\0001\000/\0002\000]}{subsection.4.7.2}% 37
\BOOKMARK [3][-]{subsubsection.4.7.2.2}{\376\377\0004\000.\0007\000.\0002\000.\0002\000\040\000I\000n\000v\000a\000l\000i\000d\000L\000o\000g\000i\000n\000O\000r\000P\000a\000s\000s\000w\000o\000r\000d\000E\000r\000r\000o\000r\000\050\000\051\000\040\000[\0002\000/\0002\000]}{subsection.4.7.2}% 38
\BOOKMARK [1][-]{section.4.8}{\376\377\0004\000.\0008\000\040\004\032\004\073\004\060\004\101\004\101\000\040\000L\000i\000s\000t\000e\000n\000S\000o\000c\000k\000e\000t\000E\000r\000r\000o\000r}{chapter.4}% 39
\BOOKMARK [2][-]{subsection.4.8.1}{\376\377\0004\000.\0008\000.\0001\000\040\004\037\004\076\004\064\004\100\004\076\004\061\004\075\004\076\004\065\000\040\004\076\004\077\004\070\004\101\004\060\004\075\004\070\004\065}{section.4.8}% 40
\BOOKMARK [2][-]{subsection.4.8.2}{\376\377\0004\000.\0008\000.\0002\000\040\004\032\004\076\004\075\004\101\004\102\004\100\004\103\004\072\004\102\004\076\004\100\000\050\004\113\000\051}{section.4.8}% 41
\BOOKMARK [3][-]{subsubsection.4.8.2.1}{\376\377\0004\000.\0008\000.\0002\000.\0001\000\040\000L\000i\000s\000t\000e\000n\000S\000o\000c\000k\000e\000t\000E\000r\000r\000o\000r\000\050\000\051\000\040\000[\0001\000/\0002\000]}{subsection.4.8.2}% 42
\BOOKMARK [3][-]{subsubsection.4.8.2.2}{\376\377\0004\000.\0008\000.\0002\000.\0002\000\040\000L\000i\000s\000t\000e\000n\000S\000o\000c\000k\000e\000t\000E\000r\000r\000o\000r\000\050\000\051\000\040\000[\0002\000/\0002\000]}{subsection.4.8.2}% 43
\BOOKMARK [1][-]{section.4.9}{\376\377\0004\000.\0009\000\040\004\032\004\073\004\060\004\101\004\101\000\040\000P\000a\000r\000s\000e\000r}{chapter.4}% 44
\BOOKMARK [2][-]{subsection.4.9.1}{\376\377\0004\000.\0009\000.\0001\000\040\004\037\004\076\004\064\004\100\004\076\004\061\004\075\004\076\004\065\000\040\004\076\004\077\004\070\004\101\004\060\004\075\004\070\004\065}{section.4.9}% 45
\BOOKMARK [2][-]{subsection.4.9.2}{\376\377\0004\000.\0009\000.\0002\000\040\004\034\004\065\004\102\004\076\004\064\004\113}{section.4.9}% 46
\BOOKMARK [3][-]{subsubsection.4.9.2.1}{\376\377\0004\000.\0009\000.\0002\000.\0001\000\040\000g\000e\000t\000A\000d\000d\000r\000e\000s\000s\000\050\000\051\000\040\000[\0001\000/\0002\000]}{subsection.4.9.2}% 47
\BOOKMARK [3][-]{subsubsection.4.9.2.2}{\376\377\0004\000.\0009\000.\0002\000.\0002\000\040\000g\000e\000t\000A\000d\000d\000r\000e\000s\000s\000\050\000\051\000\040\000[\0002\000/\0002\000]}{subsection.4.9.2}% 48
\BOOKMARK [3][-]{subsubsection.4.9.2.3}{\376\377\0004\000.\0009\000.\0002\000.\0003\000\040\000g\000e\000t\000P\000a\000t\000h\000T\000o\000L\000o\000g\000\050\000\051\000\040\000[\0001\000/\0002\000]}{subsection.4.9.2}% 49
\BOOKMARK [3][-]{subsubsection.4.9.2.4}{\376\377\0004\000.\0009\000.\0002\000.\0004\000\040\000g\000e\000t\000P\000a\000t\000h\000T\000o\000L\000o\000g\000\050\000\051\000\040\000[\0002\000/\0002\000]}{subsection.4.9.2}% 50
\BOOKMARK [3][-]{subsubsection.4.9.2.5}{\376\377\0004\000.\0009\000.\0002\000.\0005\000\040\000g\000e\000t\000P\000a\000t\000h\000T\000o\000U\000s\000e\000r\000s\000\050\000\051\000\040\000[\0001\000/\0002\000]}{subsection.4.9.2}% 51
\BOOKMARK [3][-]{subsubsection.4.9.2.6}{\376\377\0004\000.\0009\000.\0002\000.\0006\000\040\000g\000e\000t\000P\000a\000t\000h\000T\000o\000U\000s\000e\000r\000s\000\050\000\051\000\040\000[\0002\000/\0002\000]}{subsection.4.9.2}% 52
\BOOKMARK [3][-]{subsubsection.4.9.2.7}{\376\377\0004\000.\0009\000.\0002\000.\0007\000\040\000g\000e\000t\000P\000o\000r\000t\000\050\000\051\000\040\000[\0001\000/\0002\000]}{subsection.4.9.2}% 53
\BOOKMARK [3][-]{subsubsection.4.9.2.8}{\376\377\0004\000.\0009\000.\0002\000.\0008\000\040\000g\000e\000t\000P\000o\000r\000t\000\050\000\051\000\040\000[\0002\000/\0002\000]}{subsection.4.9.2}% 54
\BOOKMARK [3][-]{subsubsection.4.9.2.9}{\376\377\0004\000.\0009\000.\0002\000.\0009\000\040\000p\000a\000r\000s\000e\000\050\000\051\000\040\000[\0001\000/\0002\000]}{subsection.4.9.2}% 55
\BOOKMARK [3][-]{subsubsection.4.9.2.10}{\376\377\0004\000.\0009\000.\0002\000.\0001\0000\000\040\000p\000a\000r\000s\000e\000\050\000\051\000\040\000[\0002\000/\0002\000]}{subsection.4.9.2}% 56
\BOOKMARK [1][-]{section.4.10}{\376\377\0004\000.\0001\0000\000\040\004\032\004\073\004\060\004\101\004\101\000\040\000R\000e\000a\000d\000W\000r\000i\000t\000e\000E\000r\000r\000o\000r}{chapter.4}% 57
\BOOKMARK [2][-]{subsection.4.10.1}{\376\377\0004\000.\0001\0000\000.\0001\000\040\004\037\004\076\004\064\004\100\004\076\004\061\004\075\004\076\004\065\000\040\004\076\004\077\004\070\004\101\004\060\004\075\004\070\004\065}{section.4.10}% 58
\BOOKMARK [2][-]{subsection.4.10.2}{\376\377\0004\000.\0001\0000\000.\0002\000\040\004\032\004\076\004\075\004\101\004\102\004\100\004\103\004\072\004\102\004\076\004\100\000\050\004\113\000\051}{section.4.10}% 59
\BOOKMARK [3][-]{subsubsection.4.10.2.1}{\376\377\0004\000.\0001\0000\000.\0002\000.\0001\000\040\000R\000e\000a\000d\000W\000r\000i\000t\000e\000E\000r\000r\000o\000r\000\050\000\051\000\040\000[\0001\000/\0002\000]}{subsection.4.10.2}% 60
\BOOKMARK [3][-]{subsubsection.4.10.2.2}{\376\377\0004\000.\0001\0000\000.\0002\000.\0002\000\040\000R\000e\000a\000d\000W\000r\000i\000t\000e\000E\000r\000r\000o\000r\000\050\000\051\000\040\000[\0002\000/\0002\000]}{subsection.4.10.2}% 61
\BOOKMARK [1][-]{section.4.11}{\376\377\0004\000.\0001\0001\000\040\004\032\004\073\004\060\004\101\004\101\000\040\000R\000e\000c\000v\000D\000a\000t\000a\000E\000r\000r\000o\000r}{chapter.4}% 62
\BOOKMARK [2][-]{subsection.4.11.1}{\376\377\0004\000.\0001\0001\000.\0001\000\040\004\037\004\076\004\064\004\100\004\076\004\061\004\075\004\076\004\065\000\040\004\076\004\077\004\070\004\101\004\060\004\075\004\070\004\065}{section.4.11}% 63
\BOOKMARK [2][-]{subsection.4.11.2}{\376\377\0004\000.\0001\0001\000.\0002\000\040\004\032\004\076\004\075\004\101\004\102\004\100\004\103\004\072\004\102\004\076\004\100\000\050\004\113\000\051}{section.4.11}% 64
\BOOKMARK [3][-]{subsubsection.4.11.2.1}{\376\377\0004\000.\0001\0001\000.\0002\000.\0001\000\040\000R\000e\000c\000v\000D\000a\000t\000a\000E\000r\000r\000o\000r\000\050\000\051\000\040\000[\0001\000/\0002\000]}{subsection.4.11.2}% 65
\BOOKMARK [3][-]{subsubsection.4.11.2.2}{\376\377\0004\000.\0001\0001\000.\0002\000.\0002\000\040\000R\000e\000c\000v\000D\000a\000t\000a\000E\000r\000r\000o\000r\000\050\000\051\000\040\000[\0002\000/\0002\000]}{subsection.4.11.2}% 66
\BOOKMARK [1][-]{section.4.12}{\376\377\0004\000.\0001\0002\000\040\004\032\004\073\004\060\004\101\004\101\000\040\000S\000e\000n\000d\000D\000a\000t\000a\000E\000r\000r\000o\000r}{chapter.4}% 67
\BOOKMARK [2][-]{subsection.4.12.1}{\376\377\0004\000.\0001\0002\000.\0001\000\040\004\037\004\076\004\064\004\100\004\076\004\061\004\075\004\076\004\065\000\040\004\076\004\077\004\070\004\101\004\060\004\075\004\070\004\065}{section.4.12}% 68
\BOOKMARK [2][-]{subsection.4.12.2}{\376\377\0004\000.\0001\0002\000.\0002\000\040\004\032\004\076\004\075\004\101\004\102\004\100\004\103\004\072\004\102\004\076\004\100\000\050\004\113\000\051}{section.4.12}% 69
\BOOKMARK [3][-]{subsubsection.4.12.2.1}{\376\377\0004\000.\0001\0002\000.\0002\000.\0001\000\040\000S\000e\000n\000d\000D\000a\000t\000a\000E\000r\000r\000o\000r\000\050\000\051\000\040\000[\0001\000/\0002\000]}{subsection.4.12.2}% 70
\BOOKMARK [3][-]{subsubsection.4.12.2.2}{\376\377\0004\000.\0001\0002\000.\0002\000.\0002\000\040\000S\000e\000n\000d\000D\000a\000t\000a\000E\000r\000r\000o\000r\000\050\000\051\000\040\000[\0002\000/\0002\000]}{subsection.4.12.2}% 71
\BOOKMARK [1][-]{section.4.13}{\376\377\0004\000.\0001\0003\000\040\004\032\004\073\004\060\004\101\004\101\000\040\000S\000e\000r\000v\000e\000r}{chapter.4}% 72
\BOOKMARK [2][-]{subsection.4.13.1}{\376\377\0004\000.\0001\0003\000.\0001\000\040\004\037\004\076\004\064\004\100\004\076\004\061\004\075\004\076\004\065\000\040\004\076\004\077\004\070\004\101\004\060\004\075\004\070\004\065}{section.4.13}% 73
\BOOKMARK [2][-]{subsection.4.13.2}{\376\377\0004\000.\0001\0003\000.\0002\000\040\004\032\004\076\004\075\004\101\004\102\004\100\004\103\004\072\004\102\004\076\004\100\000\050\004\113\000\051}{section.4.13}% 74
\BOOKMARK [3][-]{subsubsection.4.13.2.1}{\376\377\0004\000.\0001\0003\000.\0002\000.\0001\000\040\000S\000e\000r\000v\000e\000r\000\050\000\051\000\040\000[\0001\000/\0002\000]}{subsection.4.13.2}% 75
\BOOKMARK [3][-]{subsubsection.4.13.2.2}{\376\377\0004\000.\0001\0003\000.\0002\000.\0002\000\040\000S\000e\000r\000v\000e\000r\000\050\000\051\000\040\000[\0002\000/\0002\000]}{subsection.4.13.2}% 76
\BOOKMARK [2][-]{subsection.4.13.3}{\376\377\0004\000.\0001\0003\000.\0003\000\040\004\034\004\065\004\102\004\076\004\064\004\113}{section.4.13}% 77
\BOOKMARK [3][-]{subsubsection.4.13.3.1}{\376\377\0004\000.\0001\0003\000.\0003\000.\0001\000\040\000a\000u\000t\000h\000e\000n\000t\000i\000c\000a\000t\000i\000o\000n\000\050\000\051\000\040\000[\0001\000/\0002\000]}{subsection.4.13.3}% 78
\BOOKMARK [3][-]{subsubsection.4.13.3.2}{\376\377\0004\000.\0001\0003\000.\0003\000.\0002\000\040\000a\000u\000t\000h\000e\000n\000t\000i\000c\000a\000t\000i\000o\000n\000\050\000\051\000\040\000[\0002\000/\0002\000]}{subsection.4.13.3}% 79
\BOOKMARK [3][-]{subsubsection.4.13.3.3}{\376\377\0004\000.\0001\0003\000.\0003\000.\0003\000\040\000a\000v\000e\000r\000a\000n\000g\000e\000\050\000\051\000\040\000[\0001\000/\0002\000]}{subsection.4.13.3}% 80
\BOOKMARK [3][-]{subsubsection.4.13.3.4}{\376\377\0004\000.\0001\0003\000.\0003\000.\0004\000\040\000a\000v\000e\000r\000a\000n\000g\000e\000\050\000\051\000\040\000[\0002\000/\0002\000]}{subsection.4.13.3}% 81
\BOOKMARK [3][-]{subsubsection.4.13.3.5}{\376\377\0004\000.\0001\0003\000.\0003\000.\0005\000\040\000c\000o\000n\000n\000e\000c\000t\000\050\000\051\000\040\000[\0001\000/\0002\000]}{subsection.4.13.3}% 82
\BOOKMARK [3][-]{subsubsection.4.13.3.6}{\376\377\0004\000.\0001\0003\000.\0003\000.\0006\000\040\000c\000o\000n\000n\000e\000c\000t\000\050\000\051\000\040\000[\0002\000/\0002\000]}{subsection.4.13.3}% 83
\BOOKMARK [3][-]{subsubsection.4.13.3.7}{\376\377\0004\000.\0001\0003\000.\0003\000.\0007\000\040\000g\000e\000t\000A\000d\000d\000r\000e\000s\000s\000\050\000\051\000\040\000[\0001\000/\0002\000]}{subsection.4.13.3}% 84
\BOOKMARK [3][-]{subsubsection.4.13.3.8}{\376\377\0004\000.\0001\0003\000.\0003\000.\0008\000\040\000g\000e\000t\000A\000d\000d\000r\000e\000s\000s\000\050\000\051\000\040\000[\0002\000/\0002\000]}{subsection.4.13.3}% 85
\BOOKMARK [3][-]{subsubsection.4.13.3.9}{\376\377\0004\000.\0001\0003\000.\0003\000.\0009\000\040\000g\000e\000t\000P\000o\000r\000t\000\050\000\051\000\040\000[\0001\000/\0002\000]}{subsection.4.13.3}% 86
\BOOKMARK [3][-]{subsubsection.4.13.3.10}{\376\377\0004\000.\0001\0003\000.\0003\000.\0001\0000\000\040\000g\000e\000t\000P\000o\000r\000t\000\050\000\051\000\040\000[\0002\000/\0002\000]}{subsection.4.13.3}% 87
\BOOKMARK [3][-]{subsubsection.4.13.3.11}{\376\377\0004\000.\0001\0003\000.\0003\000.\0001\0001\000\040\000g\000e\000t\000U\000s\000e\000r\000s\000\050\000\051\000\040\000[\0001\000/\0002\000]}{subsection.4.13.3}% 88
\BOOKMARK [3][-]{subsubsection.4.13.3.12}{\376\377\0004\000.\0001\0003\000.\0003\000.\0001\0002\000\040\000g\000e\000t\000U\000s\000e\000r\000s\000\050\000\051\000\040\000[\0002\000/\0002\000]}{subsection.4.13.3}% 89
\BOOKMARK [3][-]{subsubsection.4.13.3.13}{\376\377\0004\000.\0001\0003\000.\0003\000.\0001\0003\000\040\000s\000h\000u\000t\000d\000o\000w\000n\000\050\000\051\000\040\000[\0001\000/\0002\000]}{subsection.4.13.3}% 90
\BOOKMARK [3][-]{subsubsection.4.13.3.14}{\376\377\0004\000.\0001\0003\000.\0003\000.\0001\0004\000\040\000s\000h\000u\000t\000d\000o\000w\000n\000\050\000\051\000\040\000[\0002\000/\0002\000]}{subsection.4.13.3}% 91
\BOOKMARK [3][-]{subsubsection.4.13.3.15}{\376\377\0004\000.\0001\0003\000.\0003\000.\0001\0005\000\040\000s\000t\000a\000r\000t\000u\000p\000\050\000\051\000\040\000[\0001\000/\0002\000]}{subsection.4.13.3}% 92
\BOOKMARK [3][-]{subsubsection.4.13.3.16}{\376\377\0004\000.\0001\0003\000.\0003\000.\0001\0006\000\040\000s\000t\000a\000r\000t\000u\000p\000\050\000\051\000\040\000[\0002\000/\0002\000]}{subsection.4.13.3}% 93
\BOOKMARK [1][-]{section.4.14}{\376\377\0004\000.\0001\0004\000\040\004\032\004\073\004\060\004\101\004\101\000\040\000S\000h\000u\000t\000d\000o\000w\000n\000S\000o\000c\000k\000e\000t\000E\000r\000r\000o\000r}{chapter.4}% 94
\BOOKMARK [2][-]{subsection.4.14.1}{\376\377\0004\000.\0001\0004\000.\0001\000\040\004\037\004\076\004\064\004\100\004\076\004\061\004\075\004\076\004\065\000\040\004\076\004\077\004\070\004\101\004\060\004\075\004\070\004\065}{section.4.14}% 95
\BOOKMARK [2][-]{subsection.4.14.2}{\376\377\0004\000.\0001\0004\000.\0002\000\040\004\032\004\076\004\075\004\101\004\102\004\100\004\103\004\072\004\102\004\076\004\100\000\050\004\113\000\051}{section.4.14}% 96
\BOOKMARK [3][-]{subsubsection.4.14.2.1}{\376\377\0004\000.\0001\0004\000.\0002\000.\0001\000\040\000S\000h\000u\000t\000d\000o\000w\000n\000S\000o\000c\000k\000e\000t\000E\000r\000r\000o\000r\000\050\000\051\000\040\000[\0001\000/\0002\000]}{subsection.4.14.2}% 97
\BOOKMARK [3][-]{subsubsection.4.14.2.2}{\376\377\0004\000.\0001\0004\000.\0002\000.\0002\000\040\000S\000h\000u\000t\000d\000o\000w\000n\000S\000o\000c\000k\000e\000t\000E\000r\000r\000o\000r\000\050\000\051\000\040\000[\0002\000/\0002\000]}{subsection.4.14.2}% 98
\BOOKMARK [1][-]{section.4.15}{\376\377\0004\000.\0001\0005\000\040\004\032\004\073\004\060\004\101\004\101\000\040\000U\000n\000k\000n\000o\000w\000n\000E\000r\000r\000o\000r}{chapter.4}% 99
\BOOKMARK [2][-]{subsection.4.15.1}{\376\377\0004\000.\0001\0005\000.\0001\000\040\004\037\004\076\004\064\004\100\004\076\004\061\004\075\004\076\004\065\000\040\004\076\004\077\004\070\004\101\004\060\004\075\004\070\004\065}{section.4.15}% 100
\BOOKMARK [2][-]{subsection.4.15.2}{\376\377\0004\000.\0001\0005\000.\0002\000\040\004\032\004\076\004\075\004\101\004\102\004\100\004\103\004\072\004\102\004\076\004\100\000\050\004\113\000\051}{section.4.15}% 101
\BOOKMARK [3][-]{subsubsection.4.15.2.1}{\376\377\0004\000.\0001\0005\000.\0002\000.\0001\000\040\000U\000n\000k\000n\000o\000w\000n\000E\000r\000r\000o\000r\000\050\000\051\000\040\000[\0001\000/\0002\000]}{subsection.4.15.2}% 102
\BOOKMARK [3][-]{subsubsection.4.15.2.2}{\376\377\0004\000.\0001\0005\000.\0002\000.\0002\000\040\000U\000n\000k\000n\000o\000w\000n\000E\000r\000r\000o\000r\000\050\000\051\000\040\000[\0002\000/\0002\000]}{subsection.4.15.2}% 103
\BOOKMARK [2][-]{subsection.4.15.3}{\376\377\0004\000.\0001\0005\000.\0003\000\040\004\034\004\065\004\102\004\076\004\064\004\113}{section.4.15}% 104
\BOOKMARK [3][-]{subsubsection.4.15.3.1}{\376\377\0004\000.\0001\0005\000.\0003\000.\0001\000\040\000g\000e\000t\000F\000u\000n\000c\000\050\000\051\000\040\000[\0001\000/\0002\000]}{subsection.4.15.3}% 105
\BOOKMARK [3][-]{subsubsection.4.15.3.2}{\376\377\0004\000.\0001\0005\000.\0003\000.\0002\000\040\000g\000e\000t\000F\000u\000n\000c\000\050\000\051\000\040\000[\0002\000/\0002\000]}{subsection.4.15.3}% 106
\BOOKMARK [3][-]{subsubsection.4.15.3.3}{\376\377\0004\000.\0001\0005\000.\0003\000.\0003\000\040\000g\000e\000t\000M\000e\000s\000s\000a\000g\000e\000\050\000\051\000\040\000[\0001\000/\0002\000]}{subsection.4.15.3}% 107
\BOOKMARK [3][-]{subsubsection.4.15.3.4}{\376\377\0004\000.\0001\0005\000.\0003\000.\0004\000\040\000g\000e\000t\000M\000e\000s\000s\000a\000g\000e\000\050\000\051\000\040\000[\0002\000/\0002\000]}{subsection.4.15.3}% 108
\BOOKMARK [3][-]{subsubsection.4.15.3.5}{\376\377\0004\000.\0001\0005\000.\0003\000.\0005\000\040\000g\000e\000t\000N\000a\000m\000e\000\050\000\051\000\040\000[\0001\000/\0002\000]}{subsection.4.15.3}% 109
\BOOKMARK [3][-]{subsubsection.4.15.3.6}{\376\377\0004\000.\0001\0005\000.\0003\000.\0006\000\040\000g\000e\000t\000N\000a\000m\000e\000\050\000\051\000\040\000[\0002\000/\0002\000]}{subsection.4.15.3}% 110
\BOOKMARK [3][-]{subsubsection.4.15.3.7}{\376\377\0004\000.\0001\0005\000.\0003\000.\0007\000\040\000g\000e\000t\000T\000i\000m\000e\000\050\000\051\000\040\000[\0001\000/\0002\000]}{subsection.4.15.3}% 111
\BOOKMARK [3][-]{subsubsection.4.15.3.8}{\376\377\0004\000.\0001\0005\000.\0003\000.\0008\000\040\000g\000e\000t\000T\000i\000m\000e\000\050\000\051\000\040\000[\0002\000/\0002\000]}{subsection.4.15.3}% 112
\BOOKMARK [3][-]{subsubsection.4.15.3.9}{\376\377\0004\000.\0001\0005\000.\0003\000.\0009\000\040\000i\000s\000C\000r\000i\000t\000i\000c\000a\000l\000\050\000\051\000\040\000[\0001\000/\0002\000]}{subsection.4.15.3}% 113
\BOOKMARK [3][-]{subsubsection.4.15.3.10}{\376\377\0004\000.\0001\0005\000.\0003\000.\0001\0000\000\040\000i\000s\000C\000r\000i\000t\000i\000c\000a\000l\000\050\000\051\000\040\000[\0002\000/\0002\000]}{subsection.4.15.3}% 114
\BOOKMARK [3][-]{subsubsection.4.15.3.11}{\376\377\0004\000.\0001\0005\000.\0003\000.\0001\0001\000\040\000w\000h\000a\000t\000\050\000\051\000\040\000[\0001\000/\0002\000]}{subsection.4.15.3}% 115
\BOOKMARK [3][-]{subsubsection.4.15.3.12}{\376\377\0004\000.\0001\0005\000.\0003\000.\0001\0002\000\040\000w\000h\000a\000t\000\050\000\051\000\040\000[\0002\000/\0002\000]}{subsection.4.15.3}% 116
\BOOKMARK [0][-]{chapter.5}{\376\377\0005\000\040\004\044\004\060\004\071\004\073\004\113}{}% 117
\BOOKMARK [1][-]{section.5.1}{\376\377\0005\000.\0001\000\040\000e\000r\000r\000o\000r\000s\000.\000h}{chapter.5}% 118
\BOOKMARK [1][-]{section.5.2}{\376\377\0005\000.\0002\000\040\000e\000r\000r\000o\000r\000s\000.\000h}{chapter.5}% 119
\BOOKMARK [1][-]{section.5.3}{\376\377\0005\000.\0003\000\040\000a\000r\000g\000u\000m\000e\000n\000t\000s\000.\000h}{chapter.5}% 120
\BOOKMARK [1][-]{section.5.4}{\376\377\0005\000.\0004\000\040\000a\000r\000g\000u\000m\000e\000n\000t\000s\000.\000h}{chapter.5}% 121
\BOOKMARK [1][-]{section.5.5}{\376\377\0005\000.\0005\000\040\000r\000w\000.\000h}{chapter.5}% 122
\BOOKMARK [1][-]{section.5.6}{\376\377\0005\000.\0006\000\040\000r\000w\000.\000h}{chapter.5}% 123
\BOOKMARK [1][-]{section.5.7}{\376\377\0005\000.\0007\000\040\000s\000h\000a\0001\000.\000h}{chapter.5}% 124
\BOOKMARK [1][-]{section.5.8}{\376\377\0005\000.\0008\000\040\000s\000h\000a\0001\000.\000h}{chapter.5}% 125
\BOOKMARK [1][-]{section.5.9}{\376\377\0005\000.\0009\000\040\000s\000e\000r\000v\000e\000r\000.\000h}{chapter.5}% 126
\BOOKMARK [1][-]{section.5.10}{\376\377\0005\000.\0001\0000\000\040\000s\000e\000r\000v\000e\000r\000.\000h}{chapter.5}% 127
\BOOKMARK [0][-]{section*.27}{\376\377\004\037\004\100\004\065\004\064\004\074\004\065\004\102\004\075\004\113\004\071\000\040\004\103\004\072\004\060\004\067\004\060\004\102\004\065\004\073\004\114}{}% 128
